#
# A fatal error has been detected by the Java Runtime Environment:
#
#  EXCEPTION_ACCESS_VIOLATION (0xc0000005) at pc=0x000007fefefd1158, pid=3112, tid=9684
#
# JRE version: Java(TM) SE Runtime Environment (7.0_80-b15) (build 1.7.0_80-b15)
# Java VM: Java HotSpot(TM) 64-Bit Server VM (24.80-b11 mixed mode windows-amd64 compressed oops)
# Problematic frame:
# C  [msvcrt.dll+0x1158]
#
# Failed to write core dump. Minidumps are not enabled by default on client versions of Windows
#
# If you would like to submit a bug report, please visit:
#   http://bugreport.java.com/bugreport/crash.jsp
# The crash happened outside the Java Virtual Machine in native code.
# See problematic frame for where to report the bug.
#

---------------  T H R E A D  ---------------

Current thread (0x0000000002478000):  JavaThread "main" [_thread_in_native, id=9684, stack(0x00000000028a0000,0x00000000029a0000)]

siginfo: ExceptionCode=0xc0000005, reading address 0x0000000062e4dbf0

Registers:
RAX=0x000000001640de10, RBX=0x000000000052bbd8, RCX=0x000000001640de18, RDX=0x000000004ca3fdd8
RSP=0x000000000299c398, RBP=0x0000000000000002, RSI=0x0000000062e4dbf0, RDI=0x0000000000000001
R8 =0x0000000000000002, R9 =0x0000000000000005, R10=0x0000000020f6b980, R11=0x000000001640de18
R12=0x0000000000000001, R13=0x0000000000000002, R14=0x0000000020cb0370, R15=0x0000000062e4dbf0
RIP=0x000007fefefd1158, EFLAGS=0x0000000000010202

Top of Stack: (sp=0x000000000299c398)
0x000000000299c398:   000007fee4b676ba 000000001124ffff
0x000000000299c3a8:   18e400005f6d292b 000000000299dbd0
0x000000000299c3b8:   000000005f6d292b 0000000000000000
0x000000000299c3c8:   000007fee4b660c4 0000000000000000
0x000000000299c3d8:   000000000052bb40 00000000114837d8
0x000000000299c3e8:   0000000011481320 0000000200000004
0x000000000299c3f8:   18e400000000000e 0000000020cb0090
0x000000000299c408:   0000000000000000 0000000000000004
0x000000000299c418:   000000000299dc68 0000000000000001
0x000000000299c428:   0000000000000001 0000000000000000
0x000000000299c438:   00000000000000e4 000000001124ecd0
0x000000000299c448:   0000000000000000 0000000000000000
0x000000000299c458:   0000000000000008 0000000000000000
0x000000000299c468:   0000000000000000 000000000299dd90
0x000000000299c478:   000000005f6d28ba 00000000025ce800
0x000000000299c488:   0000000000000000 000000000247ffff 

Instructions: (pc=0x000007fefefd1158)
0x000007fefefd1138:   89 01 75 f0 49 83 e0 07 4d 85 c0 0f 85 ff 00 00
0x000007fefefd1148:   00 49 8b c3 c3 49 83 f8 08 73 6f 4d 85 c0 74 11
0x000007fefefd1158:   8a 04 0a 88 01 48 ff c1 49 ff c8 75 f3 49 8b c3
0x000007fefefd1168:   c3 49 8b c3 c3 49 81 f9 00 20 00 00 0f 83 13 48 


Register to memory mapping:

RAX=0x000000001640de10 is an unknown value
RBX=0x000000000052bbd8 is an unknown value
RCX=0x000000001640de18 is an unknown value
RDX=0x000000004ca3fdd8 is an unknown value
RSP=0x000000000299c398 is pointing into the stack for thread: 0x0000000002478000
RBP=0x0000000000000002 is an unknown value
RSI=0x0000000062e4dbf0 is an unknown value
RDI=0x0000000000000001 is an unknown value
R8 =0x0000000000000002 is an unknown value
R9 =0x0000000000000005 is an unknown value
R10=0x0000000020f6b980 is an unknown value
R11=0x000000001640de18 is an unknown value
R12=0x0000000000000001 is an unknown value
R13=0x0000000000000002 is an unknown value
R14=0x0000000020cb0370 is an unknown value
R15=0x0000000062e4dbf0 is an unknown value


Stack: [0x00000000028a0000,0x00000000029a0000],  sp=0x000000000299c398,  free space=1008k
Native frames: (J=compiled Java code, j=interpreted, Vv=VM code, C=native code)
C  [msvcrt.dll+0x1158]

Java frames: (J=compiled Java code, j=interpreted, Vv=VM code)
j  com.jacob.com.Dispatch.invokev(Lcom/jacob/com/Dispatch;Ljava/lang/String;III[Lcom/jacob/com/Variant;[I)Lcom/jacob/com/Variant;+0
j  com.jacob.com.Dispatch.invokev(Lcom/jacob/com/Dispatch;Ljava/lang/String;I[Lcom/jacob/com/Variant;[I)Lcom/jacob/com/Variant;+14
j  com.jacob.com.Dispatch.callN(Lcom/jacob/com/Dispatch;Ljava/lang/String;[Ljava/lang/Object;)Lcom/jacob/com/Variant;+15
j  com.jacob.com.Dispatch.call(Lcom/jacob/com/Dispatch;Ljava/lang/String;[Ljava/lang/Object;)Lcom/jacob/com/Variant;+7
j  test7.MSTTSSpeech1.saveToWav2([Lorg/eclipse/swt/widgets/Control;Ljava/lang/String;I)V+333
j  test7.Win_sf.Combine()V+82
v  ~StubRoutines::call_stub
j  sun.reflect.NativeMethodAccessorImpl.invoke0(Ljava/lang/reflect/Method;Ljava/lang/Object;[Ljava/lang/Object;)Ljava/lang/Object;+0
j  sun.reflect.NativeMethodAccessorImpl.invoke(Ljava/lang/Object;[Ljava/lang/Object;)Ljava/lang/Object;+87
j  sun.reflect.DelegatingMethodAccessorImpl.invoke(Ljava/lang/Object;[Ljava/lang/Object;)Ljava/lang/Object;+6
j  java.lang.reflect.Method.invoke(Ljava/lang/Object;[Ljava/lang/Object;)Ljava/lang/Object;+57
j  test7.Event_cb$1.widgetSelected(Lorg/eclipse/swt/events/SelectionEvent;)V+27
j  org.eclipse.swt.widgets.TypedListener.handleEvent(Lorg/eclipse/swt/widgets/Event;)V+1133
j  org.eclipse.swt.widgets.EventTable.sendEvent(Lorg/eclipse/swt/widgets/Event;)V+77
J 264 C2 org.eclipse.swt.widgets.Display.readAndDispatch()Z (103 bytes) @ 0x0000000002a5d948 [0x0000000002a5d5c0+0x388]
j  test7.Win_sf.main([Ljava/lang/String;)V+25
v  ~StubRoutines::call_stub

---------------  P R O C E S S  ---------------

Java Threads: ( => current thread )
  0x00000000113f6800 JavaThread "pool-1-thread-1" [_thread_blocked, id=2308, stack(0x0000000013010000,0x0000000013110000)]
  0x000000000c325800 JavaThread "Service Thread" daemon [_thread_blocked, id=7828, stack(0x000000000d0c0000,0x000000000d1c0000)]
  0x000000000c320800 JavaThread "C2 CompilerThread1" daemon [_thread_blocked, id=9768, stack(0x000000000d390000,0x000000000d490000)]
  0x000000000c31d000 JavaThread "C2 CompilerThread0" daemon [_thread_blocked, id=9716, stack(0x000000000d1c0000,0x000000000d2c0000)]
  0x000000000af3e800 JavaThread "JDWP Command Reader" daemon [_thread_in_native, id=2476, stack(0x000000000ce30000,0x000000000cf30000)]
  0x000000000af3e000 JavaThread "JDWP Event Helper Thread" daemon [_thread_blocked, id=9364, stack(0x000000000cf80000,0x000000000d080000)]
  0x000000000af33000 JavaThread "JDWP Transport Listener: dt_socket" daemon [_thread_blocked, id=8800, stack(0x000000000cbd0000,0x000000000ccd0000)]
  0x000000000c2fc800 JavaThread "Attach Listener" daemon [_thread_blocked, id=7196, stack(0x000000000bd10000,0x000000000be10000)]
  0x000000000af2c000 JavaThread "Signal Dispatcher" daemon [_thread_blocked, id=8348, stack(0x000000000c0f0000,0x000000000c1f0000)]
  0x000000000aecb800 JavaThread "Finalizer" daemon [_thread_blocked, id=3100, stack(0x000000000c1f0000,0x000000000c2f0000)]
  0x000000000aec4800 JavaThread "Reference Handler" daemon [_thread_blocked, id=880, stack(0x000000000bff0000,0x000000000c0f0000)]
=>0x0000000002478000 JavaThread "main" [_thread_in_native, id=9684, stack(0x00000000028a0000,0x00000000029a0000)]

Other Threads:
  0x000000000aebb000 VMThread [stack: 0x000000000bed0000,0x000000000bfd0000] [id=7200]
  0x000000000c343800 WatcherThread [stack: 0x000000000d4d0000,0x000000000d5d0000] [id=9564]

VM state:not at safepoint (normal execution)

VM Mutex/Monitor currently owned by a thread: None

Heap
 PSYoungGen      total 26112K, used 4368K [0x00000007d5c80000, 0x00000007d7b80000, 0x0000000800000000)
  eden space 25600K, 16% used [0x00000007d5c80000,0x00000007d6084200,0x00000007d7580000)
  from space 512K, 50% used [0x00000007d7600000,0x00000007d7640000,0x00000007d7680000)
  to   space 3072K, 0% used [0x00000007d7880000,0x00000007d7880000,0x00000007d7b80000)
 ParOldGen       total 86016K, used 1688K [0x0000000781600000, 0x0000000786a00000, 0x00000007d5c80000)
  object space 86016K, 1% used [0x0000000781600000,0x00000007817a60d8,0x0000000786a00000)
 PSPermGen       total 21504K, used 9608K [0x000000077c400000, 0x000000077d900000, 0x0000000781600000)
  object space 21504K, 44% used [0x000000077c400000,0x000000077cd62060,0x000000077d900000)

Card table byte_map: [0x00000000059a0000,0x0000000005dc0000] byte_map_base: 0x0000000001dbe000

Polling page: 0x0000000000140000

Code Cache  [0x00000000029a0000, 0x0000000002c10000, 0x00000000059a0000)
 total_blobs=719 nmethods=259 adapters=421 free_code_cache=48082Kb largest_free_block=49208832

Compilation events (10 events):
Event: 3659.657 Thread 0x000000000c31d000 nmethod 266 0x0000000002a6be90 code [0x0000000002a6bfc0, 0x0000000002a6c038]
Event: 3659.657 Thread 0x000000000c31d000  267             org.eclipse.swt.widgets.Display::runPopups (91 bytes)
Event: 3659.658 Thread 0x000000000c31d000 nmethod 267 0x0000000002a6bc50 code [0x0000000002a6bd80, 0x0000000002a6bdf8]
Event: 3659.686 Thread 0x000000000c320800 nmethod 264 0x0000000002a5d3d0 code [0x0000000002a5d5c0, 0x0000000002a5e380]
Event: 3660.911 Thread 0x000000000c31d000  268             org.eclipse.swt.widgets.Control::findThemeControl (27 bytes)
Event: 3660.912 Thread 0x000000000c31d000 nmethod 268 0x0000000002a6b990 code [0x0000000002a6bae0, 0x0000000002a6bb98]
Event: 3662.918 Thread 0x000000000c320800  269             org.eclipse.swt.widgets.Widget::checkWidget (57 bytes)
Event: 3662.919 Thread 0x000000000c320800 nmethod 269 0x0000000002a5f850 code [0x0000000002a5f9a0, 0x0000000002a5fad8]
Event: 3669.439 Thread 0x000000000c31d000  270             org.eclipse.swt.internal.win32.OS::CallWindowProc (30 bytes)
Event: 3669.440 Thread 0x000000000c31d000 nmethod 270 0x0000000002a5f5d0 code [0x0000000002a5f720, 0x0000000002a5f7a8]

GC Heap History (10 events):
Event: 299.428 GC heap before
{Heap before GC invocations=15 (full 0):
 PSYoungGen      total 31232K, used 28512K [0x00000007d5c80000, 0x00000007d7f00000, 0x0000000800000000)
  eden space 28160K, 100% used [0x00000007d5c80000,0x00000007d7800000,0x00000007d7800000)
  from space 3072K, 11% used [0x00000007d7c00000,0x00000007d7c58000,0x00000007d7f00000)
  to   space 3584K, 0% used [0x00000007d7800000,0x00000007d7800000,0x00000007d7b80000)
 ParOldGen       total 86016K, used 1616K [0x0000000781600000, 0x0000000786a00000, 0x00000007d5c80000)
  object space 86016K, 1% used [0x0000000781600000,0x00000007817940d8,0x0000000786a00000)
 PSPermGen       total 21504K, used 9563K [0x000000077c400000, 0x000000077d900000, 0x0000000781600000)
  object space 21504K, 44% used [0x000000077c400000,0x000000077cd56ef0,0x000000077d900000)
Event: 299.436 GC heap after
Heap after GC invocations=15 (full 0):
 PSYoungGen      total 28160K, used 384K [0x00000007d5c80000, 0x00000007d7e80000, 0x0000000800000000)
  eden space 27648K, 0% used [0x00000007d5c80000,0x00000007d5c80000,0x00000007d7780000)
  from space 512K, 75% used [0x00000007d7800000,0x00000007d7860000,0x00000007d7880000)
  to   space 3584K, 0% used [0x00000007d7b00000,0x00000007d7b00000,0x00000007d7e80000)
 ParOldGen       total 86016K, used 1632K [0x0000000781600000, 0x0000000786a00000, 0x00000007d5c80000)
  object space 86016K, 1% used [0x0000000781600000,0x00000007817980d8,0x0000000786a00000)
 PSPermGen       total 21504K, used 9563K [0x000000077c400000, 0x000000077d900000, 0x0000000781600000)
  object space 21504K, 44% used [0x000000077c400000,0x000000077cd56ef0,0x000000077d900000)
}
Event: 319.955 GC heap before
{Heap before GC invocations=16 (full 0):
 PSYoungGen      total 28160K, used 28032K [0x00000007d5c80000, 0x00000007d7e80000, 0x0000000800000000)
  eden space 27648K, 100% used [0x00000007d5c80000,0x00000007d7780000,0x00000007d7780000)
  from space 512K, 75% used [0x00000007d7800000,0x00000007d7860000,0x00000007d7880000)
  to   space 3584K, 0% used [0x00000007d7b00000,0x00000007d7b00000,0x00000007d7e80000)
 ParOldGen       total 86016K, used 1632K [0x0000000781600000, 0x0000000786a00000, 0x00000007d5c80000)
  object space 86016K, 1% used [0x0000000781600000,0x00000007817980d8,0x0000000786a00000)
 PSPermGen       total 21504K, used 9564K [0x000000077c400000, 0x000000077d900000, 0x0000000781600000)
  object space 21504K, 44% used [0x000000077c400000,0x000000077cd57390,0x000000077d900000)
Event: 319.958 GC heap after
Heap after GC invocations=16 (full 0):
 PSYoungGen      total 30208K, used 352K [0x00000007d5c80000, 0x00000007d7e00000, 0x0000000800000000)
  eden space 27136K, 0% used [0x00000007d5c80000,0x00000007d5c80000,0x00000007d7700000)
  from space 3072K, 11% used [0x00000007d7b00000,0x00000007d7b58000,0x00000007d7e00000)
  to   space 3584K, 0% used [0x00000007d7700000,0x00000007d7700000,0x00000007d7a80000)
 ParOldGen       total 86016K, used 1648K [0x0000000781600000, 0x0000000786a00000, 0x00000007d5c80000)
  object space 86016K, 1% used [0x0000000781600000,0x000000078179c0d8,0x0000000786a00000)
 PSPermGen       total 21504K, used 9564K [0x000000077c400000, 0x000000077d900000, 0x0000000781600000)
  object space 21504K, 44% used [0x000000077c400000,0x000000077cd57390,0x000000077d900000)
}
Event: 340.502 GC heap before
{Heap before GC invocations=17 (full 0):
 PSYoungGen      total 30208K, used 27488K [0x00000007d5c80000, 0x00000007d7e00000, 0x0000000800000000)
  eden space 27136K, 100% used [0x00000007d5c80000,0x00000007d7700000,0x00000007d7700000)
  from space 3072K, 11% used [0x00000007d7b00000,0x00000007d7b58000,0x00000007d7e00000)
  to   space 3584K, 0% used [0x00000007d7700000,0x00000007d7700000,0x00000007d7a80000)
 ParOldGen       total 86016K, used 1648K [0x0000000781600000, 0x0000000786a00000, 0x00000007d5c80000)
  object space 86016K, 1% used [0x0000000781600000,0x000000078179c0d8,0x0000000786a00000)
 PSPermGen       total 21504K, used 9565K [0x000000077c400000, 0x000000077d900000, 0x0000000781600000)
  object space 21504K, 44% used [0x000000077c400000,0x000000077cd57438,0x000000077d900000)
Event: 340.506 GC heap after
Heap after GC invocations=17 (full 0):
 PSYoungGen      total 27136K, used 352K [0x00000007d5c80000, 0x00000007d7c80000, 0x0000000800000000)
  eden space 26624K, 0% used [0x00000007d5c80000,0x00000007d5c80000,0x00000007d7680000)
  from space 512K, 68% used [0x00000007d7700000,0x00000007d7758000,0x00000007d7780000)
  to   space 3072K, 0% used [0x00000007d7980000,0x00000007d7980000,0x00000007d7c80000)
 ParOldGen       total 86016K, used 1664K [0x0000000781600000, 0x0000000786a00000, 0x00000007d5c80000)
  object space 86016K, 1% used [0x0000000781600000,0x00000007817a00d8,0x0000000786a00000)
 PSPermGen       total 21504K, used 9565K [0x000000077c400000, 0x000000077d900000, 0x0000000781600000)
  object space 21504K, 44% used [0x000000077c400000,0x000000077cd57438,0x000000077d900000)
}
Event: 360.953 GC heap before
{Heap before GC invocations=18 (full 0):
 PSYoungGen      total 27136K, used 26976K [0x00000007d5c80000, 0x00000007d7c80000, 0x0000000800000000)
  eden space 26624K, 100% used [0x00000007d5c80000,0x00000007d7680000,0x00000007d7680000)
  from space 512K, 68% used [0x00000007d7700000,0x00000007d7758000,0x00000007d7780000)
  to   space 3072K, 0% used [0x00000007d7980000,0x00000007d7980000,0x00000007d7c80000)
 ParOldGen       total 86016K, used 1664K [0x0000000781600000, 0x0000000786a00000, 0x00000007d5c80000)
  object space 86016K, 1% used [0x0000000781600000,0x00000007817a00d8,0x0000000786a00000)
 PSPermGen       total 21504K, used 9565K [0x000000077c400000, 0x000000077d900000, 0x0000000781600000)
  object space 21504K, 44% used [0x000000077c400000,0x000000077cd57438,0x000000077d900000)
Event: 360.959 GC heap after
Heap after GC invocations=18 (full 0):
 PSYoungGen      total 28672K, used 352K [0x00000007d5c80000, 0x00000007d7c00000, 0x0000000800000000)
  eden space 26112K, 0% used [0x00000007d5c80000,0x00000007d5c80000,0x00000007d7600000)
  from space 2560K, 13% used [0x00000007d7980000,0x00000007d79d8000,0x00000007d7c00000)
  to   space 3072K, 0% used [0x00000007d7600000,0x00000007d7600000,0x00000007d7900000)
 ParOldGen       total 86016K, used 1680K [0x0000000781600000, 0x0000000786a00000, 0x00000007d5c80000)
  object space 86016K, 1% used [0x0000000781600000,0x00000007817a40d8,0x0000000786a00000)
 PSPermGen       total 21504K, used 9565K [0x000000077c400000, 0x000000077d900000, 0x0000000781600000)
  object space 21504K, 44% used [0x000000077c400000,0x000000077cd57438,0x000000077d900000)
}
Event: 374.606 GC heap before
{Heap before GC invocations=19 (full 0):
 PSYoungGen      total 28672K, used 26464K [0x00000007d5c80000, 0x00000007d7c00000, 0x0000000800000000)
  eden space 26112K, 100% used [0x00000007d5c80000,0x00000007d7600000,0x00000007d7600000)
  from space 2560K, 13% used [0x00000007d7980000,0x00000007d79d8000,0x00000007d7c00000)
  to   space 3072K, 0% used [0x00000007d7600000,0x00000007d7600000,0x00000007d7900000)
 ParOldGen       total 86016K, used 1680K [0x0000000781600000, 0x0000000786a00000, 0x00000007d5c80000)
  object space 86016K, 1% used [0x0000000781600000,0x00000007817a40d8,0x0000000786a00000)
 PSPermGen       total 21504K, used 9565K [0x000000077c400000, 0x000000077d900000, 0x0000000781600000)
  object space 21504K, 44% used [0x000000077c400000,0x000000077cd57438,0x000000077d900000)
Event: 374.610 GC heap after
Heap after GC invocations=19 (full 0):
 PSYoungGen      total 26112K, used 256K [0x00000007d5c80000, 0x00000007d7b80000, 0x0000000800000000)
  eden space 25600K, 0% used [0x00000007d5c80000,0x00000007d5c80000,0x00000007d7580000)
  from space 512K, 50% used [0x00000007d7600000,0x00000007d7640000,0x00000007d7680000)
  to   space 3072K, 0% used [0x00000007d7880000,0x00000007d7880000,0x00000007d7b80000)
 ParOldGen       total 86016K, used 1688K [0x0000000781600000, 0x0000000786a00000, 0x00000007d5c80000)
  object space 86016K, 1% used [0x0000000781600000,0x00000007817a60d8,0x0000000786a00000)
 PSPermGen       total 21504K, used 9565K [0x000000077c400000, 0x000000077d900000, 0x0000000781600000)
  object space 21504K, 44% used [0x000000077c400000,0x000000077cd57438,0x000000077d900000)
}

Deoptimization events (10 events):
Event: 376.070 Thread 0x00000000113f6800 Uncommon trap: reason=unstable_if action=reinterpret pc=0x0000000002a1b864 method=java.util.Hashtable.get(Ljava/lang/Object;)Ljava/lang/Object; @ 28
Event: 376.071 Thread 0x00000000113f6800 Uncommon trap: reason=unstable_if action=reinterpret pc=0x0000000002a9c78c method=java.util.WeakHashMap.get(Ljava/lang/Object;)Ljava/lang/Object; @ 35
Event: 376.071 Thread 0x00000000113f6800 Uncommon trap: reason=unstable_if action=reinterpret pc=0x0000000002a9e23c method=java.lang.Class.newInstance()Ljava/lang/Object; @ 19
Event: 376.071 Thread 0x00000000113f6800 Uncommon trap: reason=unstable_if action=reinterpret pc=0x0000000002a784f4 method=java.lang.Class.getConstructor0([Ljava/lang/Class;I)Ljava/lang/reflect/Constructor; @ 2
Event: 376.071 Thread 0x00000000113f6800 Uncommon trap: reason=unstable_if action=reinterpret pc=0x0000000002a5a79c method=java.lang.Class.reflectionData()Ljava/lang/Class$ReflectionData; @ 17
Event: 376.071 Thread 0x00000000113f6800 Uncommon trap: reason=unstable_if action=reinterpret pc=0x0000000002a1cdf4 method=java.lang.reflect.Constructor.newInstance([Ljava/lang/Object;)Ljava/lang/Object; @ 69
Event: 376.098 Thread 0x00000000113f6800 Uncommon trap: reason=unstable_if action=reinterpret pc=0x0000000002a9fdd8 method=com.sun.jna.Structure.writeField(Lcom/sun/jna/Structure$StructField;)V @ 36
Event: 376.098 Thread 0x00000000113f6800 Uncommon trap: reason=bimorphic action=maybe_recompile pc=0x0000000002aa5e8c method=uk.co.caprica.vlcj.player.DefaultMediaPlayer$NotifyEventListenersRunnable.run()V @ 51
Event: 376.098 Thread 0x00000000113f6800 Uncommon trap: reason=bimorphic action=maybe_recompile pc=0x0000000002aa5e8c method=uk.co.caprica.vlcj.player.DefaultMediaPlayer$NotifyEventListenersRunnable.run()V @ 51
Event: 3833.920 Thread 0x0000000002478000 Uncommon trap: reason=unstable_if action=reinterpret pc=0x0000000002a639d8 method=java.lang.Class.getName()Ljava/lang/String; @ 6

Internal exceptions (10 events):
Event: 16.467 Thread 0x00000000112a2800 Threw 0x00000007d615ce10 at C:\re\jdk7u80\2329\hotspot\src\share\vm\prims\jvm.cpp:1319
Event: 19.969 Thread 0x00000000112a2800 Threw 0x00000007d615f1e8 at C:\re\jdk7u80\2329\hotspot\src\share\vm\prims\jvm.cpp:1319
Event: 26.152 Thread 0x00000000112ee000 Implicit null exception at 0x0000000002a6739c to 0x0000000002a67cf9
Event: 28.877 Thread 0x0000000011345000 Implicit null exception at 0x0000000002a6bf92 to 0x0000000002a6c915
Event: 316.380 Thread 0x00000000117bc800 Implicit null exception at 0x0000000002a6260c to 0x0000000002a62d29
Event: 347.875 Thread 0x00000000112a2800 Implicit null exception at 0x0000000002a6165c to 0x0000000002a61bc1
Event: 376.068 Thread 0x00000000112a2800 Threw 0x00000007d5f94a40 at C:\re\jdk7u80\2329\hotspot\src\share\vm\prims\jvm.cpp:1319
Event: 376.070 Thread 0x00000000113f6800 Threw 0x00000007d5fc3b28 at C:\re\jdk7u80\2329\hotspot\src\share\vm\prims\jvm.cpp:1319
Event: 376.071 Thread 0x00000000113f6800 Implicit null exception at 0x0000000002a5a6ea to 0x0000000002a5a785
Event: 376.071 Thread 0x00000000113f6800 Implicit null exception at 0x0000000002a1cd06 to 0x0000000002a1cdde

Events (10 events):
Event: 3874.946 Executing VM operation: ChangeSingleStep
Event: 3874.946 Executing VM operation: ChangeSingleStep done
Event: 3874.948 Executing VM operation: ChangeSingleStep
Event: 3874.948 Executing VM operation: ChangeSingleStep done
Event: 3874.949 Executing VM operation: GetCurrentLocation
Event: 3874.949 Executing VM operation: GetCurrentLocation done
Event: 3874.951 Executing VM operation: ChangeSingleStep
Event: 3874.952 Executing VM operation: ChangeSingleStep done
Event: 3874.952 Executing VM operation: ChangeSingleStep
Event: 3874.952 Executing VM operation: ChangeSingleStep done


Dynamic libraries:
0x000000013f1f0000 - 0x000000013f223000 	C:\Program Files\Java\jdk1.7.0_80\bin\javaw.exe
0x0000000076f60000 - 0x000000007710c000 	C:\Windows\SYSTEM32\ntdll.dll
0x0000000076e40000 - 0x0000000076f5f000 	C:\Windows\system32\kernel32.dll
0x000007fefcd40000 - 0x000007fefcdac000 	C:\Windows\system32\KERNELBASE.dll
0x000007fefe2c0000 - 0x000007fefe39b000 	C:\Windows\system32\ADVAPI32.dll
0x000007fefefd0000 - 0x000007feff06f000 	C:\Windows\system32\msvcrt.dll
0x000007fefe030000 - 0x000007fefe04f000 	C:\Windows\SYSTEM32\sechost.dll
0x000007fefe980000 - 0x000007fefeaae000 	C:\Windows\system32\RPCRT4.dll
0x0000000076c00000 - 0x0000000076cfa000 	C:\Windows\system32\USER32.dll
0x000007fefe410000 - 0x000007fefe477000 	C:\Windows\system32\GDI32.dll
0x000007fefde90000 - 0x000007fefde9e000 	C:\Windows\system32\LPK.dll
0x000007feff0f0000 - 0x000007feff1ba000 	C:\Windows\system32\USP10.dll
0x000007fefb560000 - 0x000007fefb754000 	C:\Windows\WinSxS\amd64_microsoft.windows.common-controls_6595b64144ccf1df_6.0.7600.16661_none_fa62ad231704eab7\COMCTL32.dll
0x000007feff1f0000 - 0x000007feff261000 	C:\Windows\system32\SHLWAPI.dll
0x000007feff1c0000 - 0x000007feff1ee000 	C:\Windows\system32\IMM32.DLL
0x000007fefe870000 - 0x000007fefe979000 	C:\Windows\system32\MSCTF.dll
0x000007fefcc50000 - 0x000007fefcc82000 	C:\Windows\system32\nvinitx.dll
0x000007fefcc40000 - 0x000007fefcc4c000 	C:\Windows\system32\VERSION.dll
0x000000000f000000 - 0x000000000f006000 	C:\Program Files\NVIDIA Corporation\CoProcManager\detoured.dll
0x000007fef9ef0000 - 0x000007fef9f22000 	C:\Program Files\NVIDIA Corporation\CoProcManager\nvd3d9wrapx.dll
0x000007fefed10000 - 0x000007fefeee7000 	C:\Windows\system32\SETUPAPI.dll
0x000007fefced0000 - 0x000007fefcf06000 	C:\Windows\system32\CFGMGR32.dll
0x000007fefeef0000 - 0x000007fefefc7000 	C:\Windows\system32\OLEAUT32.dll
0x000007fefe5c0000 - 0x000007fefe7c2000 	C:\Windows\system32\ole32.dll
0x000007fefce70000 - 0x000007fefce8a000 	C:\Windows\system32\DEVOBJ.dll
0x000007fef9eb0000 - 0x000007fef9ed2000 	C:\Program Files\NVIDIA Corporation\CoProcManager\nvdxgiwrapx.dll
0x0000000063de0000 - 0x0000000063eb2000 	C:\Program Files\Java\jdk1.7.0_80\jre\bin\msvcr100.dll
0x000000005f640000 - 0x000000005fe19000 	C:\Program Files\Java\jdk1.7.0_80\jre\bin\server\jvm.dll
0x000007fef95b0000 - 0x000007fef95b9000 	C:\Windows\system32\WSOCK32.dll
0x000007fefe050000 - 0x000007fefe09d000 	C:\Windows\system32\WS2_32.dll
0x000007fefe5b0000 - 0x000007fefe5b8000 	C:\Windows\system32\NSI.dll
0x000007fefce90000 - 0x000007fefcecb000 	C:\Windows\system32\WINMM.dll
0x0000000077130000 - 0x0000000077137000 	C:\Windows\system32\PSAPI.DLL
0x0000000074600000 - 0x000000007460f000 	C:\Program Files\Java\jdk1.7.0_80\jre\bin\verify.dll
0x0000000073f50000 - 0x0000000073f78000 	C:\Program Files\Java\jdk1.7.0_80\jre\bin\java.dll
0x0000000073f10000 - 0x0000000073f45000 	C:\Program Files\Java\jdk1.7.0_80\jre\bin\jdwp.dll
0x0000000074650000 - 0x0000000074658000 	C:\Program Files\Java\jdk1.7.0_80\jre\bin\npt.dll
0x0000000073ef0000 - 0x0000000073f06000 	C:\Program Files\Java\jdk1.7.0_80\jre\bin\zip.dll
0x00000000745f0000 - 0x00000000745f9000 	C:\Program Files\Java\jdk1.7.0_80\jre\bin\dt_socket.dll
0x000007fef6360000 - 0x000007fef638d000 	C:\Program Files (x86)\Sangfor\SSL\ClientComponent3\SangforNspX64.dll
0x000007fefac00000 - 0x000007fefac15000 	C:\Windows\system32\NLAapi.dll
0x000007fefc530000 - 0x000007fefc584000 	C:\Windows\System32\mswsock.dll
0x000007fefc3b0000 - 0x000007fefc40b000 	C:\Windows\system32\DNSAPI.dll
0x000007fef50a0000 - 0x000007fef50ab000 	C:\Windows\System32\winrnr.dll
0x000007fef5080000 - 0x000007fef5095000 	C:\Windows\system32\napinsp.dll
0x000007fef5060000 - 0x000007fef5079000 	C:\Windows\system32\pnrpnsp.dll
0x000007fef5050000 - 0x000007fef5060000 	C:\Windows\system32\wshbth.dll
0x000007fef9f30000 - 0x000007fef9f57000 	C:\Windows\system32\IPHLPAPI.DLL
0x000007fef9ee0000 - 0x000007fef9eeb000 	C:\Windows\system32\WINNSI.DLL
0x000007fef8470000 - 0x000007fef84c3000 	C:\Windows\System32\fwpuclnt.dll
0x000007fef61a0000 - 0x000007fef61a8000 	C:\Windows\system32\rasadhlp.dll
0x000007fefbcc0000 - 0x000007fefbe3a000 	C:\Program Files (x86)\Sangfor\SSL\ClientComponent3\SangforTcpX64.dll
0x000007fefcf50000 - 0x000007fefcf8a000 	C:\Windows\system32\WINTRUST.dll
0x000007fefcf90000 - 0x000007fefd0f6000 	C:\Windows\system32\CRYPT32.dll
0x00000000025a0000 - 0x00000000025af000 	C:\Windows\system32\MSASN1.dll
0x000007fefbcb0000 - 0x000007fefbcb7000 	C:\Windows\System32\wshtcpip.dll
0x0000000010000000 - 0x00000000100a8000 	C:\Users\lz\.swt\lib\win32\x86_64\swt-win32-4332.dll
0x000007fefe7d0000 - 0x000007fefe868000 	C:\Windows\system32\comdlg32.dll
0x000007fefd100000 - 0x000007fefde87000 	C:\Windows\system32\SHELL32.dll
0x000007fefa3a0000 - 0x000007fefa410000 	C:\Windows\system32\WINSPOOL.DRV
0x000007fefe480000 - 0x000007fefe5ac000 	C:\Windows\system32\WININET.dll
0x000007fefe0a0000 - 0x000007fefe219000 	C:\Windows\system32\urlmon.dll
0x000007fefeab0000 - 0x000007fefed0d000 	C:\Windows\system32\iertutil.dll
0x000007fefb250000 - 0x000007fefb2a6000 	C:\Windows\system32\uxtheme.dll
0x000007fefcad0000 - 0x000007fefcb27000 	C:\Windows\system32\apphelp.dll
0x000007fef0d50000 - 0x000007fef1611000 	C:\Windows\system32\SOGOUPY.IME
0x000007fefa4d0000 - 0x000007fefa4d7000 	C:\Windows\system32\MSIMG32.dll
0x000007fefa4e0000 - 0x000007fefa534000 	C:\Windows\system32\OLEACC.dll
0x000007fefacf0000 - 0x000007fefad1d000 	C:\Windows\system32\ntmarta.dll
0x000007fefe3a0000 - 0x000007fefe3f0000 	C:\Windows\system32\WLDAP32.dll
0x000007fefcdb0000 - 0x000007fefcdc8000 	C:\Windows\system32\dwmapi.dll
0x000007fefcb30000 - 0x000007fefcb3f000 	C:\Windows\system32\CRYPTBASE.dll
0x000007fefb330000 - 0x000007fefb45c000 	C:\Windows\system32\propsys.dll
0x000007fefe220000 - 0x000007fefe2b9000 	C:\Windows\system32\CLBCatQ.DLL
0x000007fef4a70000 - 0x000007fef4cd6000 	d:\Program Files (x86)\SogouInput\Components\PicFace\1.1.0.1766\PicFace64.dll
0x000007fefcc90000 - 0x000007fefcc9f000 	C:\Windows\system32\profapi.dll
0x000000000eee0000 - 0x000000000efbf000 	d:\Program Files (x86)\SogouInput\8.6.0.1467\Resource.dll
0x000007fef4a50000 - 0x000007fef4a68000 	d:\Program Files (x86)\SogouInput\Components\VoiceInput\1.0.0.139\VoiceInput64.dll
0x000007fefc590000 - 0x000007fefc5a7000 	C:\Windows\system32\CRYPTSP.dll
0x000007fefc290000 - 0x000007fefc2d7000 	C:\Windows\system32\rsaenh.dll
0x000007fefbf60000 - 0x000007fefbf7e000 	C:\Windows\system32\USERENV.dll
0x0000000073ed0000 - 0x0000000073eea000 	C:\Program Files\Java\jdk1.7.0_80\jre\bin\net.dll
0x000007fefc520000 - 0x000007fefc527000 	C:\Windows\System32\wship6.dll
0x000007fef83b0000 - 0x000007fef83c1000 	C:\Windows\system32\dhcpcsvc6.DLL
0x000007fef8370000 - 0x000007fef8388000 	C:\Windows\system32\dhcpcsvc.DLL
0x0000000073eb0000 - 0x0000000073ec1000 	C:\Program Files\Java\jdk1.7.0_80\jre\bin\nio.dll
0x0000000180000000 - 0x0000000180038000 	C:\Users\lz\AppData\Local\Temp\jna-3470\jna1275306218693482519.dll
0x0000000069db0000 - 0x0000000069dde000 	\\?\C:\Program Files\VideoLAN\VLC\libvlc.dll
0x00000000600a0000 - 0x000000006034d000 	\\?\C:\Program Files\VideoLAN\VLC\libvlccore.dll
0x0000000061e50000 - 0x0000000061ef2000 	C:\Program Files\VideoLAN\VLC\plugins\access\libdshow_plugin.dll
0x0000000069df0000 - 0x0000000069e04000 	C:\Program Files\VideoLAN\VLC\plugins\audio_output\libdirectsound_plugin.dll
0x0000000073e90000 - 0x0000000073ea3000 	C:\Program Files\VideoLAN\VLC\plugins\audio_output\libwaveout_plugin.dll
0x0000000065ab0000 - 0x0000000065acf000 	C:\Program Files\VideoLAN\VLC\plugins\video_output\libdirect3d_plugin.dll
0x0000000065820000 - 0x000000006583d000 	C:\Program Files\VideoLAN\VLC\plugins\video_output\libdirectdraw_plugin.dll
0x000007fefdfa0000 - 0x000007fefe028000 	C:\Windows\system32\DSOUND.DLL
0x000007fefcf10000 - 0x000007fefcf3c000 	C:\Windows\system32\POWRPROF.dll
0x000007fefb460000 - 0x000007fefb4ab000 	C:\Windows\System32\MMDevApi.dll
0x000007fef5a00000 - 0x000007fef5a38000 	C:\Program Files\Java\jdk1.7.0_80\bin\jacob-1.18-x64.dll
0x000007fee4c10000 - 0x000007fee4d73000 	C:\Windows\System32\Speech\Common\sapi.dll
0x000007fefaa40000 - 0x000007fefaa58000 	C:\Windows\system32\MSACM32.dll
0x000007fef94c0000 - 0x000007fef94cd000 	C:\Windows\system32\msdmo.dll
0x000007fefcb40000 - 0x000007fefcbd2000 	C:\Windows\system32\SXS.DLL
0x000007fefbee0000 - 0x000007fefbef1000 	C:\Windows\system32\wtsapi32.dll
0x000007fefabc0000 - 0x000007fefabfb000 	C:\Windows\system32\wdmaud.drv
0x00000000747d0000 - 0x00000000747d6000 	C:\Windows\system32\ksuser.dll
0x000007fefb2f0000 - 0x000007fefb2f9000 	C:\Windows\system32\AVRT.dll
0x000007fefaae0000 - 0x000007fefab2f000 	C:\Windows\system32\AUDIOSES.DLL
0x000007fefaa60000 - 0x000007fefaa6a000 	C:\Windows\system32\msacm32.drv
0x000007fefaa20000 - 0x000007fefaa29000 	C:\Windows\system32\midimap.dll
0x000000000da50000 - 0x000000000da6e000 	C:\Users\lz\.swt\lib\win32\x86_64\swt-gdip-win32-4332.dll
0x000007fefb030000 - 0x000007fefb246000 	C:\Windows\WinSxS\amd64_microsoft.windows.gdiplus_6595b64144ccf1df_1.1.7600.17007_none_2b47185a719d6182\gdiplus.dll
0x000007fefad20000 - 0x000007fefae4a000 	C:\Windows\system32\WindowsCodecs.dll
0x000007feee190000 - 0x000007feee20f000 	C:\Program Files\Common Files\microsoft shared\ink\tiptsf.dll
0x000007fef2eb0000 - 0x000007fef307a000 	C:\Windows\system32\explorerframe.dll
0x000007fefaea0000 - 0x000007fefaee3000 	C:\Windows\system32\DUser.dll
0x000007fefaef0000 - 0x000007fefafe2000 	C:\Windows\system32\DUI70.dll
0x000007fef49d0000 - 0x000007fef4a48000 	C:\Program Files (x86)\360\360safe\safemon\360UDiskGuard64.dll
0x000007fef4950000 - 0x000007fef4985000 	C:\Windows\system32\EhStorShell.dll
0x000007fef48d0000 - 0x000007fef494e000 	C:\Windows\System32\cscui.dll
0x000007fef48c0000 - 0x000007fef48cc000 	C:\Windows\System32\CSCDLL.dll
0x000007fef5c60000 - 0x000007fef5c6f000 	C:\Windows\system32\CSCAPI.dll
0x000007fef4840000 - 0x000007fef48c0000 	C:\Windows\system32\ntshrui.dll
0x000007fefc070000 - 0x000007fefc093000 	C:\Windows\system32\srvcli.dll
0x000007fefab30000 - 0x000007fefab3b000 	C:\Windows\system32\slc.dll
0x000007feee210000 - 0x000007feee24b000 	C:\Windows\system32\msls31.dll
0x000007fefae50000 - 0x000007fefae85000 	C:\Windows\system32\xmllite.dll
0x000007fefcc20000 - 0x000007fefcc34000 	C:\Windows\system32\RpcRtRemote.dll
0x000007feedd10000 - 0x000007feedd8b000 	C:\Windows\System32\StructuredQuery.dll

VM Arguments:
jvm_args: -agentlib:jdwp=transport=dt_socket,suspend=y,address=localhost:59907 -Dfile.encoding=UTF-8 
java_command: test7.Win_sf
Launcher Type: SUN_STANDARD

Environment Variables:
JAVA_HOME=C:\Java\jdk1.8.0_60
CLASSPATH=.;C:\Java\jdk1.8.0_60\lib;C:\Java\jdk1.8.0_60\lib\tools.jar
PATH=C:\Program Files\Java\jdk1.7.0_80\jre\bin;C:/MyEclipse Professional 2014/binary/com.sun.java.jdk7.win32.x86_1.7.0.u45/jre/bin/client;C:/MyEclipse Professional 2014/binary/com.sun.java.jdk7.win32.x86_1.7.0.u45/jre/bin;C:/MyEclipse Professional 2014/binary/com.sun.java.jdk7.win32.x86_1.7.0.u45/jre/lib/i386;D:\app\lz\product\11.2.0\dbhome_1\bin;C:\Python27\;C:\Python27\Scripts;.;C:\Windows\system32;C:\Windows;C:\Windows\System32\Wbem;C:\Windows\System32\WindowsPowerShell\v1.0\;C:\Program Files\LLVM\bin;C:\Program Files\010 Editor;D:\Anaconda25;D:\Anaconda25\Library\mingw-w64\bin;D:\Anaconda25\Library\usr\bin;D:\Anaconda25\Library\bin;D:\Anaconda25\Scripts;.;C:\Java\jdk1.8.0_60\bin;C:\Java\jdk1.8.0_60\jre\bin;C:\Program Files (x86)\Microsoft VS Code\bin;D:\apache-maven-3.5.2\bin
USERNAME=lz
OS=Windows_NT
PROCESSOR_IDENTIFIER=Intel64 Family 6 Model 61 Stepping 4, GenuineIntel



---------------  S Y S T E M  ---------------

OS: Windows 7 , 64 bit Build 7600 

CPU:total 4 (2 cores per cpu, 2 threads per core) family 6 model 61 stepping 4, cmov, cx8, fxsr, mmx, sse, sse2, sse3, ssse3, sse4.1, sse4.2, popcnt, aes, erms, ht, tsc, tscinvbit

Memory: 4k page, physical 8298380k(5284656k free), swap 16594856k(12587872k free)

vm_info: Java HotSpot(TM) 64-Bit Server VM (24.80-b11) for windows-amd64 JRE (1.7.0_80-b15), built on Apr 10 2015 11:26:34 by "java_re" with unknown MS VC++:1600

time: Thu Jan 25 18:14:37 2018
elapsed time: 3875 seconds

